# JRE version: Java(TM) SE Runtime Environment (17.0.8+9) (build 17.0.8+9-LTS-211)
# Java VM: Java HotSpot(TM) 64-Bit Server VM (17.0.8+9-LTS-211, mixed mode, sharing, tiered, compressed oops, compressed class ptrs, g1 gc, windows-amd64)
GC Precious Log:
 CPUs: 8 total, 8 available
 Memory: 8043M
 Large Page Support: Disabled
 NUMA Support: Disabled
 Compressed Oops: Enabled (32-bit)
 Heap Region Size: 1M
 Heap Min Capacity: 256M
 Heap Initial Capacity: 256M
 Heap Max Capacity: 512M
 Pre-touch: Disabled
 Parallel Workers: 8
 Concurrent Workers: 2
 Concurrent Refinement Workers: 8
 Periodic GC: Disabled
Heap:
 garbage-first heap   total 262144K, used 118875K [0x00000000e0000000, 0x0000000100000000)
  region size 1024K, 80 young (81920K), 2 survivors (2048K)
 Metaspace       used 52354K, committed 52864K, reserved 393216K
  class space    used 7413K, committed 7680K, reserved 327680K
GC Heap History (16 events):
Event: 6.689 GC heap before
{Heap before GC invocations=0 (full 0):
 garbage-first heap   total 262144K, used 26624K [0x00000000e0000000, 0x0000000100000000)
  region size 1024K, 23 young (23552K), 0 survivors (0K)
 Metaspace       used 2998K, committed 3136K, reserved 393216K
  class space    used 385K, committed 448K, reserved 327680K
}
Event: 6.783 GC heap after
{Heap after GC invocations=1 (full 0):
 garbage-first heap   total 262144K, used 10372K [0x00000000e0000000, 0x0000000100000000)
  region size 1024K, 3 young (3072K), 3 survivors (3072K)
 Metaspace       used 2998K, committed 3136K, reserved 393216K
  class space    used 385K, committed 448K, reserved 327680K
}
Event: 10.299 GC heap before
{Heap before GC invocations=1 (full 0):
 garbage-first heap   total 262144K, used 35972K [0x00000000e0000000, 0x0000000100000000)
  region size 1024K, 28 young (28672K), 3 survivors (3072K)
 Metaspace       used 3969K, committed 4160K, reserved 393216K
  class space    used 489K, committed 576K, reserved 327680K
}
Event: 10.302 GC heap after
{Heap after GC invocations=2 (full 0):
 garbage-first heap   total 262144K, used 11268K [0x00000000e0000000, 0x0000000100000000)
  region size 1024K, 1 young (1024K), 1 survivors (1024K)
 Metaspace       used 3969K, committed 4160K, reserved 393216K
  class space    used 489K, committed 576K, reserved 327680K
}
Event: 24.066 GC heap before
{Heap before GC invocations=2 (full 0):
 garbage-first heap   total 262144K, used 133124K [0x00000000e0000000, 0x0000000100000000)
  region size 1024K, 120 young (122880K), 1 survivors (1024K)
 Metaspace       used 21251K, committed 21504K, reserved 393216K
  class space    used 3117K, committed 3264K, reserved 327680K
}
Event: 24.077 GC heap after
{Heap after GC invocations=3 (full 0):
 garbage-first heap   total 262144K, used 22457K [0x00000000e0000000, 0x0000000100000000)
  region size 1024K, 12 young (12288K), 12 survivors (12288K)
 Metaspace       used 21251K, committed 21504K, reserved 393216K
  class space    used 3117K, committed 3264K, reserved 327680K
}
Event: 96.296 GC heap before
{Heap before GC invocations=4 (full 0):
 garbage-first heap   total 262144K, used 146361K [0x00000000e0000000, 0x0000000100000000)
  region size 1024K, 129 young (132096K), 12 survivors (12288K)
 Metaspace       used 35543K, committed 35968K, reserved 393216K
  class space    used 4929K, committed 5120K, reserved 327680K
}
Event: 96.373 GC heap after
{Heap after GC invocations=5 (full 0):
 garbage-first heap   total 262144K, used 30764K [0x00000000e0000000, 0x0000000100000000)
  region size 1024K, 9 young (9216K), 9 survivors (9216K)
 Metaspace       used 35543K, committed 35968K, reserved 393216K
  class space    used 4929K, committed 5120K, reserved 327680K
}
Event: 96.483 GC heap before
{Heap before GC invocations=5 (full 0):
 garbage-first heap   total 262144K, used 32812K [0x00000000e0000000, 0x0000000100000000)
  region size 1024K, 12 young (12288K), 9 survivors (9216K)
 Metaspace       used 35907K, committed 36288K, reserved 393216K
  class space    used 4982K, committed 5184K, reserved 327680K
}
Event: 96.503 GC heap after
{Heap after GC invocations=6 (full 0):
 garbage-first heap   total 262144K, used 31697K [0x00000000e0000000, 0x0000000100000000)
  region size 1024K, 2 young (2048K), 2 survivors (2048K)
 Metaspace       used 35907K, committed 36288K, reserved 393216K
  class space    used 4982K, committed 5184K, reserved 327680K
}
Event: 96.514 GC heap before
{Heap before GC invocations=6 (full 0):
 garbage-first heap   total 262144K, used 31697K [0x00000000e0000000, 0x0000000100000000)
  region size 1024K, 3 young (3072K), 2 survivors (2048K)
 Metaspace       used 35938K, committed 36288K, reserved 393216K
  class space    used 4989K, committed 5184K, reserved 327680K
}
Event: 96.515 GC heap after
{Heap after GC invocations=7 (full 0):
 garbage-first heap   total 262144K, used 30539K [0x00000000e0000000, 0x0000000100000000)
  region size 1024K, 1 young (1024K), 1 survivors (1024K)
 Metaspace       used 35938K, committed 36288K, reserved 393216K
  class space    used 4989K, committed 5184K, reserved 327680K
}
Event: 112.480 GC heap before
{Heap before GC invocations=8 (full 0):
 garbage-first heap   total 262144K, used 187211K [0x00000000e0000000, 0x0000000100000000)
  region size 1024K, 153 young (156672K), 1 survivors (1024K)
 Metaspace       used 49304K, committed 49856K, reserved 393216K
  class space    used 7065K, committed 7360K, reserved 327680K
}
Event: 112.494 GC heap after
{Heap after GC invocations=9 (full 0):
 garbage-first heap   total 262144K, used 40087K [0x00000000e0000000, 0x0000000100000000)
  region size 1024K, 10 young (10240K), 10 survivors (10240K)
 Metaspace       used 49304K, committed 49856K, reserved 393216K
  class space    used 7065K, committed 7360K, reserved 327680K
}
Event: 112.687 GC heap before
{Heap before GC invocations=9 (full 0):
 garbage-first heap   total 262144K, used 42135K [0x00000000e0000000, 0x0000000100000000)
  region size 1024K, 12 young (12288K), 10 survivors (10240K)
 Metaspace       used 49332K, committed 49920K, reserved 393216K
  class space    used 7068K, committed 7360K, reserved 327680K
}
Event: 112.699 GC heap after
{Heap after GC invocations=10 (full 0):
 garbage-first heap   total 262144K, used 41051K [0x00000000e0000000, 0x0000000100000000)
  region size 1024K, 2 young (2048K), 2 survivors (2048K)
 Metaspace       used 49332K, committed 49920K, reserved 393216K
  class space    used 7068K, committed 7360K, reserved 327680K
}

