# JRE version: Java(TM) SE Runtime Environment (17.0.10+11) (build 17.0.10+11-LTS-240)
# Java VM: Java HotSpot(TM) 64-Bit Server VM (17.0.10+11-LTS-240, mixed mode, sharing, tiered, compressed oops, compressed class ptrs, g1 gc, windows-amd64)
GC Precious Log:
 CPUs: 12 total, 12 available
 Memory: 7939M
 Large Page Support: Disabled
 NUMA Support: Disabled
 Compressed Oops: Enabled (32-bit)
 Heap Region Size: 1M
 Heap Min Capacity: 256M
 Heap Initial Capacity: 256M
 Heap Max Capacity: 512M
 Pre-touch: Disabled
 Parallel Workers: 10
 Concurrent Workers: 3
 Concurrent Refinement Workers: 10
 Periodic GC: Disabled
Heap:
 garbage-first heap   total 262144K, used 81360K [0x00000000e0000000, 0x0000000100000000)
  region size 1024K, 24 young (24576K), 9 survivors (9216K)
 Metaspace       used 57422K, committed 58176K, reserved 393216K
  class space    used 7757K, committed 8128K, reserved 327680K
GC Heap History (20 events):
Event: 23.533 GC heap before
{Heap before GC invocations=13 (full 0):
 garbage-first heap   total 262144K, used 205735K [0x00000000e0000000, 0x0000000100000000)
  region size 1024K, 153 young (156672K), 6 survivors (6144K)
 Metaspace       used 55048K, committed 55616K, reserved 393216K
  class space    used 7523K, committed 7808K, reserved 327680K
}
Event: 23.541 GC heap after
{Heap after GC invocations=14 (full 0):
 garbage-first heap   total 262144K, used 65252K [0x00000000e0000000, 0x0000000100000000)
  region size 1024K, 15 young (15360K), 15 survivors (15360K)
 Metaspace       used 55048K, committed 55616K, reserved 393216K
  class space    used 7523K, committed 7808K, reserved 327680K
}
Event: 52.424 GC heap before
{Heap before GC invocations=14 (full 0):
 garbage-first heap   total 262144K, used 204516K [0x00000000e0000000, 0x0000000100000000)
  region size 1024K, 152 young (155648K), 15 survivors (15360K)
 Metaspace       used 56111K, committed 56768K, reserved 393216K
  class space    used 7651K, committed 7936K, reserved 327680K
}
Event: 52.430 GC heap after
{Heap after GC invocations=15 (full 0):
 garbage-first heap   total 262144K, used 58878K [0x00000000e0000000, 0x0000000100000000)
  region size 1024K, 6 young (6144K), 6 survivors (6144K)
 Metaspace       used 56111K, committed 56768K, reserved 393216K
  class space    used 7651K, committed 7936K, reserved 327680K
}
Event: 57.003 GC heap before
{Heap before GC invocations=15 (full 0):
 garbage-first heap   total 262144K, used 207358K [0x00000000e0000000, 0x0000000100000000)
  region size 1024K, 152 young (155648K), 6 survivors (6144K)
 Metaspace       used 56320K, committed 56896K, reserved 393216K
  class space    used 7664K, committed 7936K, reserved 327680K
}
Event: 57.006 GC heap after
{Heap after GC invocations=16 (full 0):
 garbage-first heap   total 262144K, used 56868K [0x00000000e0000000, 0x0000000100000000)
  region size 1024K, 4 young (4096K), 4 survivors (4096K)
 Metaspace       used 56320K, committed 56896K, reserved 393216K
  class space    used 7664K, committed 7936K, reserved 327680K
}
Event: 57.583 GC heap before
{Heap before GC invocations=16 (full 0):
 garbage-first heap   total 262144K, used 208420K [0x00000000e0000000, 0x0000000100000000)
  region size 1024K, 153 young (156672K), 4 survivors (4096K)
 Metaspace       used 56363K, committed 57024K, reserved 393216K
  class space    used 7664K, committed 7936K, reserved 327680K
}
Event: 57.593 GC heap after
{Heap after GC invocations=17 (full 0):
 garbage-first heap   total 262144K, used 66475K [0x00000000e0000000, 0x0000000100000000)
  region size 1024K, 14 young (14336K), 14 survivors (14336K)
 Metaspace       used 56363K, committed 57024K, reserved 393216K
  class space    used 7664K, committed 7936K, reserved 327680K
}
Event: 66.758 GC heap before
{Heap before GC invocations=17 (full 0):
 garbage-first heap   total 262144K, used 207787K [0x00000000e0000000, 0x0000000100000000)
  region size 1024K, 153 young (156672K), 14 survivors (14336K)
 Metaspace       used 56451K, committed 57088K, reserved 393216K
  class space    used 7664K, committed 7936K, reserved 327680K
}
Event: 66.769 GC heap after
{Heap after GC invocations=18 (full 0):
 garbage-first heap   total 262144K, used 70313K [0x00000000e0000000, 0x0000000100000000)
  region size 1024K, 16 young (16384K), 16 survivors (16384K)
 Metaspace       used 56451K, committed 57088K, reserved 393216K
  class space    used 7664K, committed 7936K, reserved 327680K
}
Event: 73.395 GC heap before
{Heap before GC invocations=18 (full 0):
 garbage-first heap   total 262144K, used 202409K [0x00000000e0000000, 0x0000000100000000)
  region size 1024K, 146 young (149504K), 16 survivors (16384K)
 Metaspace       used 56664K, committed 57344K, reserved 393216K
  class space    used 7680K, committed 8000K, reserved 327680K
}
Event: 73.402 GC heap after
{Heap after GC invocations=19 (full 0):
 garbage-first heap   total 262144K, used 67035K [0x00000000e0000000, 0x0000000100000000)
  region size 1024K, 12 young (12288K), 12 survivors (12288K)
 Metaspace       used 56664K, committed 57344K, reserved 393216K
  class space    used 7680K, committed 8000K, reserved 327680K
}
Event: 74.087 GC heap before
{Heap before GC invocations=19 (full 0):
 garbage-first heap   total 262144K, used 201179K [0x00000000e0000000, 0x0000000100000000)
  region size 1024K, 144 young (147456K), 12 survivors (12288K)
 Metaspace       used 56863K, committed 57536K, reserved 393216K
  class space    used 7695K, committed 8000K, reserved 327680K
}
Event: 74.090 GC heap after
{Heap after GC invocations=20 (full 0):
 garbage-first heap   total 262144K, used 60577K [0x00000000e0000000, 0x0000000100000000)
  region size 1024K, 5 young (5120K), 5 survivors (5120K)
 Metaspace       used 56863K, committed 57536K, reserved 393216K
  class space    used 7695K, committed 8000K, reserved 327680K
}
Event: 74.867 GC heap before
{Heap before GC invocations=20 (full 0):
 garbage-first heap   total 262144K, used 204961K [0x00000000e0000000, 0x0000000100000000)
  region size 1024K, 147 young (150528K), 5 survivors (5120K)
 Metaspace       used 56887K, committed 57536K, reserved 393216K
  class space    used 7700K, committed 8000K, reserved 327680K
}
Event: 74.880 GC heap after
{Heap after GC invocations=21 (full 0):
 garbage-first heap   total 262144K, used 75674K [0x00000000e0000000, 0x0000000100000000)
  region size 1024K, 19 young (19456K), 19 survivors (19456K)
 Metaspace       used 56887K, committed 57536K, reserved 393216K
  class space    used 7700K, committed 8000K, reserved 327680K
}
Event: 96.542 GC heap before
{Heap before GC invocations=21 (full 0):
 garbage-first heap   total 262144K, used 201626K [0x00000000e0000000, 0x0000000100000000)
  region size 1024K, 143 young (146432K), 19 survivors (19456K)
 Metaspace       used 57009K, committed 57664K, reserved 393216K
  class space    used 7706K, committed 8000K, reserved 327680K
}
Event: 96.551 GC heap after
{Heap after GC invocations=22 (full 0):
 garbage-first heap   total 262144K, used 69957K [0x00000000e0000000, 0x0000000100000000)
  region size 1024K, 12 young (12288K), 12 survivors (12288K)
 Metaspace       used 57009K, committed 57664K, reserved 393216K
  class space    used 7706K, committed 8000K, reserved 327680K
}
Event: 117.346 GC heap before
{Heap before GC invocations=22 (full 0):
 garbage-first heap   total 262144K, used 200004K [0x00000000e0000000, 0x0000000100000000)
  region size 1024K, 140 young (143360K), 12 survivors (12288K)
 Metaspace       used 57106K, committed 57792K, reserved 393216K
  class space    used 7707K, committed 8000K, reserved 327680K
}
Event: 117.358 GC heap after
{Heap after GC invocations=23 (full 0):
 garbage-first heap   total 262144K, used 67024K [0x00000000e0000000, 0x0000000100000000)
  region size 1024K, 9 young (9216K), 9 survivors (9216K)
 Metaspace       used 57106K, committed 57792K, reserved 393216K
  class space    used 7707K, committed 8000K, reserved 327680K
}

