# JRE version: Java(TM) SE Runtime Environment (17.0.10+11) (build 17.0.10+11-LTS-240)
# Java VM: Java HotSpot(TM) 64-Bit Server VM (17.0.10+11-LTS-240, mixed mode, sharing, tiered, compressed oops, compressed class ptrs, g1 gc, windows-amd64)
GC Precious Log:
 CPUs: 12 total, 12 available
 Memory: 7939M
 Large Page Support: Disabled
 NUMA Support: Disabled
 Compressed Oops: Enabled (32-bit)
 Heap Region Size: 1M
 Heap Min Capacity: 256M
 Heap Initial Capacity: 256M
 Heap Max Capacity: 512M
 Pre-touch: Disabled
 Parallel Workers: 10
 Concurrent Workers: 3
 Concurrent Refinement Workers: 10
 Periodic GC: Disabled
Heap:
 garbage-first heap   total 262144K, used 87513K [0x00000000e0000000, 0x0000000100000000)
  region size 1024K, 45 young (46080K), 16 survivors (16384K)
 Metaspace       used 55114K, committed 55680K, reserved 393216K
  class space    used 7520K, committed 7808K, reserved 327680K
GC Heap History (20 events):
Event: 1.467 GC heap before
{Heap before GC invocations=1 (full 0):
 garbage-first heap   total 262144K, used 39865K [0x00000000e0000000, 0x0000000100000000)
  region size 1024K, 30 young (30720K), 3 survivors (3072K)
 Metaspace       used 4055K, committed 4224K, reserved 393216K
  class space    used 492K, committed 576K, reserved 327680K
}
Event: 1.471 GC heap after
{Heap after GC invocations=2 (full 0):
 garbage-first heap   total 262144K, used 15210K [0x00000000e0000000, 0x0000000100000000)
  region size 1024K, 4 young (4096K), 4 survivors (4096K)
 Metaspace       used 4055K, committed 4224K, reserved 393216K
  class space    used 492K, committed 576K, reserved 327680K
}
Event: 5.779 GC heap before
{Heap before GC invocations=2 (full 0):
 garbage-first heap   total 262144K, used 121706K [0x00000000e0000000, 0x0000000100000000)
  region size 1024K, 109 young (111616K), 4 survivors (4096K)
 Metaspace       used 21226K, committed 21504K, reserved 393216K
  class space    used 3130K, committed 3264K, reserved 327680K
}
Event: 5.787 GC heap after
{Heap after GC invocations=3 (full 0):
 garbage-first heap   total 262144K, used 22892K [0x00000000e0000000, 0x0000000100000000)
  region size 1024K, 12 young (12288K), 12 survivors (12288K)
 Metaspace       used 21226K, committed 21504K, reserved 393216K
  class space    used 3130K, committed 3264K, reserved 327680K
}
Event: 11.275 GC heap before
{Heap before GC invocations=4 (full 0):
 garbage-first heap   total 262144K, used 138604K [0x00000000e0000000, 0x0000000100000000)
  region size 1024K, 122 young (124928K), 12 survivors (12288K)
 Metaspace       used 35579K, committed 35968K, reserved 393216K
  class space    used 4980K, committed 5184K, reserved 327680K
}
Event: 11.307 GC heap after
{Heap after GC invocations=5 (full 0):
 garbage-first heap   total 262144K, used 31338K [0x00000000e0000000, 0x0000000100000000)
  region size 1024K, 16 young (16384K), 16 survivors (16384K)
 Metaspace       used 35579K, committed 35968K, reserved 393216K
  class space    used 4980K, committed 5184K, reserved 327680K
}
Event: 11.382 GC heap before
{Heap before GC invocations=5 (full 0):
 garbage-first heap   total 262144K, used 32362K [0x00000000e0000000, 0x0000000100000000)
  region size 1024K, 17 young (17408K), 16 survivors (16384K)
 Metaspace       used 35772K, committed 36224K, reserved 393216K
  class space    used 5005K, committed 5248K, reserved 327680K
}
Event: 11.399 GC heap after
{Heap after GC invocations=6 (full 0):
 garbage-first heap   total 262144K, used 32041K [0x00000000e0000000, 0x0000000100000000)
  region size 1024K, 2 young (2048K), 2 survivors (2048K)
 Metaspace       used 35772K, committed 36224K, reserved 393216K
  class space    used 5005K, committed 5248K, reserved 327680K
}
Event: 11.424 GC heap before
{Heap before GC invocations=6 (full 0):
 garbage-first heap   total 262144K, used 33065K [0x00000000e0000000, 0x0000000100000000)
  region size 1024K, 4 young (4096K), 2 survivors (2048K)
 Metaspace       used 35900K, committed 36288K, reserved 393216K
  class space    used 5024K, committed 5248K, reserved 327680K
}
Event: 11.425 GC heap after
{Heap after GC invocations=7 (full 0):
 garbage-first heap   total 262144K, used 30528K [0x00000000e0000000, 0x0000000100000000)
  region size 1024K, 1 young (1024K), 1 survivors (1024K)
 Metaspace       used 35900K, committed 36288K, reserved 393216K
  class space    used 5024K, committed 5248K, reserved 327680K
}
Event: 29.340 GC heap before
{Heap before GC invocations=8 (full 0):
 garbage-first heap   total 262144K, used 187200K [0x00000000e0000000, 0x0000000100000000)
  region size 1024K, 153 young (156672K), 1 survivors (1024K)
 Metaspace       used 48872K, committed 49408K, reserved 393216K
  class space    used 7046K, committed 7296K, reserved 327680K
}
Event: 29.348 GC heap after
{Heap after GC invocations=9 (full 0):
 garbage-first heap   total 262144K, used 39750K [0x00000000e0000000, 0x0000000100000000)
  region size 1024K, 10 young (10240K), 10 survivors (10240K)
 Metaspace       used 48872K, committed 49408K, reserved 393216K
  class space    used 7046K, committed 7296K, reserved 327680K
}
Event: 29.740 GC heap before
{Heap before GC invocations=9 (full 0):
 garbage-first heap   total 262144K, used 41798K [0x00000000e0000000, 0x0000000100000000)
  region size 1024K, 12 young (12288K), 10 survivors (10240K)
 Metaspace       used 48937K, committed 49472K, reserved 393216K
  class space    used 7053K, committed 7296K, reserved 327680K
}
Event: 29.746 GC heap after
{Heap after GC invocations=10 (full 0):
 garbage-first heap   total 262144K, used 41169K [0x00000000e0000000, 0x0000000100000000)
  region size 1024K, 2 young (2048K), 2 survivors (2048K)
 Metaspace       used 48937K, committed 49472K, reserved 393216K
  class space    used 7053K, committed 7296K, reserved 327680K
}
Event: 147.569 GC heap before
{Heap before GC invocations=10 (full 0):
 garbage-first heap   total 262144K, used 194769K [0x00000000e0000000, 0x0000000100000000)
  region size 1024K, 153 young (156672K), 2 survivors (2048K)
 Metaspace       used 52960K, committed 53504K, reserved 393216K
  class space    used 7413K, committed 7680K, reserved 327680K
}
Event: 147.573 GC heap after
{Heap after GC invocations=11 (full 0):
 garbage-first heap   total 262144K, used 45512K [0x00000000e0000000, 0x0000000100000000)
  region size 1024K, 6 young (6144K), 6 survivors (6144K)
 Metaspace       used 52960K, committed 53504K, reserved 393216K
  class space    used 7413K, committed 7680K, reserved 327680K
}
Event: 149.647 GC heap before
{Heap before GC invocations=11 (full 0):
 garbage-first heap   total 262144K, used 195016K [0x00000000e0000000, 0x0000000100000000)
  region size 1024K, 153 young (156672K), 6 survivors (6144K)
 Metaspace       used 54296K, committed 54912K, reserved 393216K
  class space    used 7475K, committed 7744K, reserved 327680K
}
Event: 149.656 GC heap after
{Heap after GC invocations=12 (full 0):
 garbage-first heap   total 262144K, used 51326K [0x00000000e0000000, 0x0000000100000000)
  region size 1024K, 12 young (12288K), 12 survivors (12288K)
 Metaspace       used 54296K, committed 54912K, reserved 393216K
  class space    used 7475K, committed 7744K, reserved 327680K
}
Event: 150.896 GC heap before
{Heap before GC invocations=12 (full 0):
 garbage-first heap   total 262144K, used 195710K [0x00000000e0000000, 0x0000000100000000)
  region size 1024K, 153 young (156672K), 12 survivors (12288K)
 Metaspace       used 54733K, committed 55296K, reserved 393216K
  class space    used 7483K, committed 7744K, reserved 327680K
}
Event: 150.908 GC heap after
{Heap after GC invocations=13 (full 0):
 garbage-first heap   total 262144K, used 59865K [0x00000000e0000000, 0x0000000100000000)
  region size 1024K, 16 young (16384K), 16 survivors (16384K)
 Metaspace       used 54733K, committed 55296K, reserved 393216K
  class space    used 7483K, committed 7744K, reserved 327680K
}

